2026-02-22 18:45:43,827 - INFO - root - Conexión a PostgreSQL establecida correctamente
2026-02-22 18:45:45,790 - CRITICAL - root - Error al inicializar la base de datos
Traceback (most recent call last):
  File "C:\Users\Leider\Desktop\Retos-DevSenior\Reto_Modulo_7\main.py", line 36, in lifespan
    Base.metadata.create_all(bind=engine)
  File "C:\Users\Leider\Desktop\Retos-DevSenior\Reto_Modulo_7\venv\Lib\site-packages\sqlalchemy\sql\schema.py", line 5928, in create_all
    bind._run_ddl_visitor(
  File "C:\Users\Leider\Desktop\Retos-DevSenior\Reto_Modulo_7\venv\Lib\site-packages\sqlalchemy\engine\base.py", line 3259, in _run_ddl_visitor
    with self.begin() as conn:
  File "C:\Program Files\Python311\Lib\contextlib.py", line 137, in __enter__
    return next(self.gen)
           ^^^^^^^^^^^^^^
  File "C:\Users\Leider\Desktop\Retos-DevSenior\Reto_Modulo_7\venv\Lib\site-packages\sqlalchemy\engine\base.py", line 3249, in begin
    with self.connect() as conn:
         ^^^^^^^^^^^^^^
  File "C:\Users\Leider\Desktop\Retos-DevSenior\Reto_Modulo_7\venv\Lib\site-packages\sqlalchemy\engine\base.py", line 3285, in connect
    return self._connection_cls(self)
           ^^^^^^^^^^^^^^^^^^^^^^^^^^
  File "C:\Users\Leider\Desktop\Retos-DevSenior\Reto_Modulo_7\venv\Lib\site-packages\sqlalchemy\engine\base.py", line 143, in __init__
    self._dbapi_connection = engine.raw_connection()
                             ^^^^^^^^^^^^^^^^^^^^^^^
  File "C:\Users\Leider\Desktop\Retos-DevSenior\Reto_Modulo_7\venv\Lib\site-packages\sqlalchemy\engine\base.py", line 3309, in raw_connection
    return self.pool.connect()
           ^^^^^^^^^^^^^^^^^^^
  File "C:\Users\Leider\Desktop\Retos-DevSenior\Reto_Modulo_7\venv\Lib\site-packages\sqlalchemy\pool\base.py", line 447, in connect
    return _ConnectionFairy._checkout(self)
           ^^^^^^^^^^^^^^^^^^^^^^^^^^^^^^^^
  File "C:\Users\Leider\Desktop\Retos-DevSenior\Reto_Modulo_7\venv\Lib\site-packages\sqlalchemy\pool\base.py", line 1264, in _checkout
    fairy = _ConnectionRecord.checkout(pool)
            ^^^^^^^^^^^^^^^^^^^^^^^^^^^^^^^^
  File "C:\Users\Leider\Desktop\Retos-DevSenior\Reto_Modulo_7\venv\Lib\site-packages\sqlalchemy\pool\base.py", line 711, in checkout
    rec = pool._do_get()
          ^^^^^^^^^^^^^^
  File "C:\Users\Leider\Desktop\Retos-DevSenior\Reto_Modulo_7\venv\Lib\site-packages\sqlalchemy\pool\impl.py", line 177, in _do_get
    with util.safe_reraise():
  File "C:\Users\Leider\Desktop\Retos-DevSenior\Reto_Modulo_7\venv\Lib\site-packages\sqlalchemy\util\langhelpers.py", line 224, in __exit__
    raise exc_value.with_traceback(exc_tb)
  File "C:\Users\Leider\Desktop\Retos-DevSenior\Reto_Modulo_7\venv\Lib\site-packages\sqlalchemy\pool\impl.py", line 175, in _do_get
    return self._create_connection()
           ^^^^^^^^^^^^^^^^^^^^^^^^^
  File "C:\Users\Leider\Desktop\Retos-DevSenior\Reto_Modulo_7\venv\Lib\site-packages\sqlalchemy\pool\base.py", line 388, in _create_connection
    return _ConnectionRecord(self)
           ^^^^^^^^^^^^^^^^^^^^^^^
  File "C:\Users\Leider\Desktop\Retos-DevSenior\Reto_Modulo_7\venv\Lib\site-packages\sqlalchemy\pool\base.py", line 673, in __init__
    self.__connect()
  File "C:\Users\Leider\Desktop\Retos-DevSenior\Reto_Modulo_7\venv\Lib\site-packages\sqlalchemy\pool\base.py", line 899, in __connect
    with util.safe_reraise():
  File "C:\Users\Leider\Desktop\Retos-DevSenior\Reto_Modulo_7\venv\Lib\site-packages\sqlalchemy\util\langhelpers.py", line 224, in __exit__
    raise exc_value.with_traceback(exc_tb)
  File "C:\Users\Leider\Desktop\Retos-DevSenior\Reto_Modulo_7\venv\Lib\site-packages\sqlalchemy\pool\base.py", line 895, in __connect
    self.dbapi_connection = connection = pool._invoke_creator(self)
                                         ^^^^^^^^^^^^^^^^^^^^^^^^^^
  File "C:\Users\Leider\Desktop\Retos-DevSenior\Reto_Modulo_7\venv\Lib\site-packages\sqlalchemy\engine\create.py", line 661, in connect
    return dialect.connect(*cargs, **cparams)
           ^^^^^^^^^^^^^^^^^^^^^^^^^^^^^^^^^^
  File "C:\Users\Leider\Desktop\Retos-DevSenior\Reto_Modulo_7\venv\Lib\site-packages\sqlalchemy\engine\default.py", line 630, in connect
    return self.loaded_dbapi.connect(*cargs, **cparams)  # type: ignore[no-any-return]  # NOQA: E501
           ^^^^^^^^^^^^^^^^^^^^^^^^^^^^^^^^^^^^^^^^^^^^
  File "C:\Users\Leider\Desktop\Retos-DevSenior\Reto_Modulo_7\venv\Lib\site-packages\psycopg2\__init__.py", line 135, in connect
    conn = _connect(dsn, connection_factory=connection_factory, **kwasync)
           ^^^^^^^^^^^^^^^^^^^^^^^^^^^^^^^^^^^^^^^^^^^^^^^^^^^^^^^^^^^^^^^
UnicodeDecodeError: 'utf-8' codec can't decode byte 0xab in position 96: invalid start byte
2026-02-22 18:48:05,612 - INFO - root - Conexión a PostgreSQL establecida correctamente
2026-02-22 18:48:06,212 - INFO - root - Base de datos inicializada correctamente
2026-02-22 18:53:44,925 - INFO - root - Aplicación finalizando correctamente
2026-02-22 19:34:19,750 - INFO - root - Conexión a PostgreSQL establecida correctamente
2026-02-22 19:34:20,290 - INFO - root - Base de datos inicializada correctamente
2026-02-22 19:42:53,666 - INFO - root - Aplicación finalizando correctamente
